[2024-09-23T16:02:14.069+0000] {processor.py:186} INFO - Started process (PID=3742) to work on /opt/airflow/dags/spark_dbt_job_dag.py
[2024-09-23T16:02:14.071+0000] {processor.py:914} INFO - Processing file /opt/airflow/dags/spark_dbt_job_dag.py for tasks to queue
[2024-09-23T16:02:14.074+0000] {logging_mixin.py:190} INFO - [2024-09-23T16:02:14.074+0000] {dagbag.py:588} INFO - Filling up the DagBag from /opt/airflow/dags/spark_dbt_job_dag.py
[2024-09-23T16:02:14.121+0000] {processor.py:925} INFO - DAG(s) 'clickhouse_spark_dag' retrieved from /opt/airflow/dags/spark_dbt_job_dag.py
[2024-09-23T16:02:14.138+0000] {logging_mixin.py:190} INFO - [2024-09-23T16:02:14.137+0000] {dag.py:3239} INFO - Sync 1 DAGs
[2024-09-23T16:02:14.155+0000] {logging_mixin.py:190} INFO - [2024-09-23T16:02:14.155+0000] {dag.py:4180} INFO - Setting next_dagrun for clickhouse_spark_dag to 2024-09-23 00:00:00+00:00, run_after=2024-09-24 00:00:00+00:00
[2024-09-23T16:02:14.171+0000] {processor.py:208} INFO - Processing /opt/airflow/dags/spark_dbt_job_dag.py took 0.107 seconds
[2024-09-23T16:02:44.446+0000] {processor.py:186} INFO - Started process (PID=3761) to work on /opt/airflow/dags/spark_dbt_job_dag.py
[2024-09-23T16:02:44.448+0000] {processor.py:914} INFO - Processing file /opt/airflow/dags/spark_dbt_job_dag.py for tasks to queue
[2024-09-23T16:02:44.450+0000] {logging_mixin.py:190} INFO - [2024-09-23T16:02:44.450+0000] {dagbag.py:588} INFO - Filling up the DagBag from /opt/airflow/dags/spark_dbt_job_dag.py
[2024-09-23T16:02:44.480+0000] {processor.py:925} INFO - DAG(s) 'clickhouse_spark_dag' retrieved from /opt/airflow/dags/spark_dbt_job_dag.py
[2024-09-23T16:02:44.493+0000] {logging_mixin.py:190} INFO - [2024-09-23T16:02:44.493+0000] {dag.py:3239} INFO - Sync 1 DAGs
[2024-09-23T16:02:44.507+0000] {logging_mixin.py:190} INFO - [2024-09-23T16:02:44.507+0000] {dag.py:4180} INFO - Setting next_dagrun for clickhouse_spark_dag to 2024-09-23 00:00:00+00:00, run_after=2024-09-24 00:00:00+00:00
[2024-09-23T16:02:44.520+0000] {processor.py:208} INFO - Processing /opt/airflow/dags/spark_dbt_job_dag.py took 0.080 seconds
[2024-09-23T16:03:14.748+0000] {processor.py:186} INFO - Started process (PID=3787) to work on /opt/airflow/dags/spark_dbt_job_dag.py
[2024-09-23T16:03:14.749+0000] {processor.py:914} INFO - Processing file /opt/airflow/dags/spark_dbt_job_dag.py for tasks to queue
[2024-09-23T16:03:14.752+0000] {logging_mixin.py:190} INFO - [2024-09-23T16:03:14.751+0000] {dagbag.py:588} INFO - Filling up the DagBag from /opt/airflow/dags/spark_dbt_job_dag.py
[2024-09-23T16:03:14.777+0000] {processor.py:925} INFO - DAG(s) 'clickhouse_spark_dag' retrieved from /opt/airflow/dags/spark_dbt_job_dag.py
[2024-09-23T16:03:14.791+0000] {logging_mixin.py:190} INFO - [2024-09-23T16:03:14.790+0000] {dag.py:3239} INFO - Sync 1 DAGs
[2024-09-23T16:03:14.804+0000] {logging_mixin.py:190} INFO - [2024-09-23T16:03:14.804+0000] {dag.py:4180} INFO - Setting next_dagrun for clickhouse_spark_dag to 2024-09-23 00:00:00+00:00, run_after=2024-09-24 00:00:00+00:00
[2024-09-23T16:03:14.817+0000] {processor.py:208} INFO - Processing /opt/airflow/dags/spark_dbt_job_dag.py took 0.074 seconds
[2024-09-23T16:03:45.080+0000] {processor.py:186} INFO - Started process (PID=3804) to work on /opt/airflow/dags/spark_dbt_job_dag.py
[2024-09-23T16:03:45.081+0000] {processor.py:914} INFO - Processing file /opt/airflow/dags/spark_dbt_job_dag.py for tasks to queue
[2024-09-23T16:03:45.083+0000] {logging_mixin.py:190} INFO - [2024-09-23T16:03:45.083+0000] {dagbag.py:588} INFO - Filling up the DagBag from /opt/airflow/dags/spark_dbt_job_dag.py
[2024-09-23T16:03:45.111+0000] {processor.py:925} INFO - DAG(s) 'clickhouse_spark_dag' retrieved from /opt/airflow/dags/spark_dbt_job_dag.py
[2024-09-23T16:03:45.125+0000] {logging_mixin.py:190} INFO - [2024-09-23T16:03:45.125+0000] {dag.py:3239} INFO - Sync 1 DAGs
[2024-09-23T16:03:45.140+0000] {logging_mixin.py:190} INFO - [2024-09-23T16:03:45.140+0000] {dag.py:4180} INFO - Setting next_dagrun for clickhouse_spark_dag to 2024-09-23 00:00:00+00:00, run_after=2024-09-24 00:00:00+00:00
[2024-09-23T16:03:45.235+0000] {processor.py:208} INFO - Processing /opt/airflow/dags/spark_dbt_job_dag.py took 0.159 seconds
[2024-09-23T16:04:15.284+0000] {processor.py:186} INFO - Started process (PID=3830) to work on /opt/airflow/dags/spark_dbt_job_dag.py
[2024-09-23T16:04:15.285+0000] {processor.py:914} INFO - Processing file /opt/airflow/dags/spark_dbt_job_dag.py for tasks to queue
[2024-09-23T16:04:15.288+0000] {logging_mixin.py:190} INFO - [2024-09-23T16:04:15.287+0000] {dagbag.py:588} INFO - Filling up the DagBag from /opt/airflow/dags/spark_dbt_job_dag.py
[2024-09-23T16:04:15.313+0000] {processor.py:925} INFO - DAG(s) 'clickhouse_spark_dag' retrieved from /opt/airflow/dags/spark_dbt_job_dag.py
[2024-09-23T16:04:15.326+0000] {logging_mixin.py:190} INFO - [2024-09-23T16:04:15.326+0000] {dag.py:3239} INFO - Sync 1 DAGs
[2024-09-23T16:04:15.420+0000] {logging_mixin.py:190} INFO - [2024-09-23T16:04:15.420+0000] {dag.py:4180} INFO - Setting next_dagrun for clickhouse_spark_dag to 2024-09-23 00:00:00+00:00, run_after=2024-09-24 00:00:00+00:00
[2024-09-23T16:04:15.430+0000] {processor.py:208} INFO - Processing /opt/airflow/dags/spark_dbt_job_dag.py took 0.151 seconds
[2024-09-23T16:04:45.631+0000] {processor.py:186} INFO - Started process (PID=3855) to work on /opt/airflow/dags/spark_dbt_job_dag.py
[2024-09-23T16:04:45.633+0000] {processor.py:914} INFO - Processing file /opt/airflow/dags/spark_dbt_job_dag.py for tasks to queue
[2024-09-23T16:04:45.635+0000] {logging_mixin.py:190} INFO - [2024-09-23T16:04:45.635+0000] {dagbag.py:588} INFO - Filling up the DagBag from /opt/airflow/dags/spark_dbt_job_dag.py
[2024-09-23T16:04:45.659+0000] {processor.py:925} INFO - DAG(s) 'clickhouse_spark_dag' retrieved from /opt/airflow/dags/spark_dbt_job_dag.py
[2024-09-23T16:04:45.671+0000] {logging_mixin.py:190} INFO - [2024-09-23T16:04:45.671+0000] {dag.py:3239} INFO - Sync 1 DAGs
[2024-09-23T16:04:45.686+0000] {logging_mixin.py:190} INFO - [2024-09-23T16:04:45.685+0000] {dag.py:4180} INFO - Setting next_dagrun for clickhouse_spark_dag to 2024-09-23 00:00:00+00:00, run_after=2024-09-24 00:00:00+00:00
[2024-09-23T16:04:45.697+0000] {processor.py:208} INFO - Processing /opt/airflow/dags/spark_dbt_job_dag.py took 0.070 seconds
[2024-09-23T16:05:15.879+0000] {processor.py:186} INFO - Started process (PID=3874) to work on /opt/airflow/dags/spark_dbt_job_dag.py
[2024-09-23T16:05:15.881+0000] {processor.py:914} INFO - Processing file /opt/airflow/dags/spark_dbt_job_dag.py for tasks to queue
[2024-09-23T16:05:15.883+0000] {logging_mixin.py:190} INFO - [2024-09-23T16:05:15.883+0000] {dagbag.py:588} INFO - Filling up the DagBag from /opt/airflow/dags/spark_dbt_job_dag.py
[2024-09-23T16:05:15.909+0000] {processor.py:925} INFO - DAG(s) 'clickhouse_spark_dag' retrieved from /opt/airflow/dags/spark_dbt_job_dag.py
[2024-09-23T16:05:15.924+0000] {logging_mixin.py:190} INFO - [2024-09-23T16:05:15.924+0000] {dag.py:3239} INFO - Sync 1 DAGs
[2024-09-23T16:05:15.939+0000] {logging_mixin.py:190} INFO - [2024-09-23T16:05:15.939+0000] {dag.py:4180} INFO - Setting next_dagrun for clickhouse_spark_dag to 2024-09-23 00:00:00+00:00, run_after=2024-09-24 00:00:00+00:00
[2024-09-23T16:05:15.951+0000] {processor.py:208} INFO - Processing /opt/airflow/dags/spark_dbt_job_dag.py took 0.076 seconds
[2024-09-23T16:05:46.073+0000] {processor.py:186} INFO - Started process (PID=3899) to work on /opt/airflow/dags/spark_dbt_job_dag.py
[2024-09-23T16:05:46.074+0000] {processor.py:914} INFO - Processing file /opt/airflow/dags/spark_dbt_job_dag.py for tasks to queue
[2024-09-23T16:05:46.077+0000] {logging_mixin.py:190} INFO - [2024-09-23T16:05:46.077+0000] {dagbag.py:588} INFO - Filling up the DagBag from /opt/airflow/dags/spark_dbt_job_dag.py
[2024-09-23T16:05:46.102+0000] {processor.py:925} INFO - DAG(s) 'clickhouse_spark_dag' retrieved from /opt/airflow/dags/spark_dbt_job_dag.py
[2024-09-23T16:05:46.114+0000] {logging_mixin.py:190} INFO - [2024-09-23T16:05:46.114+0000] {dag.py:3239} INFO - Sync 1 DAGs
[2024-09-23T16:05:46.127+0000] {logging_mixin.py:190} INFO - [2024-09-23T16:05:46.127+0000] {dag.py:4180} INFO - Setting next_dagrun for clickhouse_spark_dag to 2024-09-23 00:00:00+00:00, run_after=2024-09-24 00:00:00+00:00
[2024-09-23T16:05:46.141+0000] {processor.py:208} INFO - Processing /opt/airflow/dags/spark_dbt_job_dag.py took 0.072 seconds
[2024-09-23T16:06:16.313+0000] {processor.py:186} INFO - Started process (PID=3925) to work on /opt/airflow/dags/spark_dbt_job_dag.py
[2024-09-23T16:06:16.314+0000] {processor.py:914} INFO - Processing file /opt/airflow/dags/spark_dbt_job_dag.py for tasks to queue
[2024-09-23T16:06:16.316+0000] {logging_mixin.py:190} INFO - [2024-09-23T16:06:16.316+0000] {dagbag.py:588} INFO - Filling up the DagBag from /opt/airflow/dags/spark_dbt_job_dag.py
[2024-09-23T16:06:16.345+0000] {processor.py:925} INFO - DAG(s) 'clickhouse_spark_dag' retrieved from /opt/airflow/dags/spark_dbt_job_dag.py
[2024-09-23T16:06:16.360+0000] {logging_mixin.py:190} INFO - [2024-09-23T16:06:16.360+0000] {dag.py:3239} INFO - Sync 1 DAGs
[2024-09-23T16:06:16.463+0000] {logging_mixin.py:190} INFO - [2024-09-23T16:06:16.462+0000] {dag.py:4180} INFO - Setting next_dagrun for clickhouse_spark_dag to 2024-09-23 00:00:00+00:00, run_after=2024-09-24 00:00:00+00:00
[2024-09-23T16:06:16.476+0000] {processor.py:208} INFO - Processing /opt/airflow/dags/spark_dbt_job_dag.py took 0.167 seconds
[2024-09-23T16:06:46.541+0000] {processor.py:186} INFO - Started process (PID=3944) to work on /opt/airflow/dags/spark_dbt_job_dag.py
[2024-09-23T16:06:46.543+0000] {processor.py:914} INFO - Processing file /opt/airflow/dags/spark_dbt_job_dag.py for tasks to queue
[2024-09-23T16:06:46.546+0000] {logging_mixin.py:190} INFO - [2024-09-23T16:06:46.546+0000] {dagbag.py:588} INFO - Filling up the DagBag from /opt/airflow/dags/spark_dbt_job_dag.py
[2024-09-23T16:06:46.571+0000] {processor.py:925} INFO - DAG(s) 'clickhouse_spark_dag' retrieved from /opt/airflow/dags/spark_dbt_job_dag.py
[2024-09-23T16:06:46.583+0000] {logging_mixin.py:190} INFO - [2024-09-23T16:06:46.583+0000] {dag.py:3239} INFO - Sync 1 DAGs
[2024-09-23T16:06:46.598+0000] {logging_mixin.py:190} INFO - [2024-09-23T16:06:46.598+0000] {dag.py:4180} INFO - Setting next_dagrun for clickhouse_spark_dag to 2024-09-23 00:00:00+00:00, run_after=2024-09-24 00:00:00+00:00
[2024-09-23T16:06:46.610+0000] {processor.py:208} INFO - Processing /opt/airflow/dags/spark_dbt_job_dag.py took 0.074 seconds
[2024-09-23T16:07:16.752+0000] {processor.py:186} INFO - Started process (PID=3970) to work on /opt/airflow/dags/spark_dbt_job_dag.py
[2024-09-23T16:07:16.754+0000] {processor.py:914} INFO - Processing file /opt/airflow/dags/spark_dbt_job_dag.py for tasks to queue
[2024-09-23T16:07:16.756+0000] {logging_mixin.py:190} INFO - [2024-09-23T16:07:16.756+0000] {dagbag.py:588} INFO - Filling up the DagBag from /opt/airflow/dags/spark_dbt_job_dag.py
[2024-09-23T16:07:16.783+0000] {processor.py:925} INFO - DAG(s) 'clickhouse_spark_dag' retrieved from /opt/airflow/dags/spark_dbt_job_dag.py
[2024-09-23T16:07:16.795+0000] {logging_mixin.py:190} INFO - [2024-09-23T16:07:16.795+0000] {dag.py:3239} INFO - Sync 1 DAGs
[2024-09-23T16:07:16.810+0000] {logging_mixin.py:190} INFO - [2024-09-23T16:07:16.810+0000] {dag.py:4180} INFO - Setting next_dagrun for clickhouse_spark_dag to 2024-09-23 00:00:00+00:00, run_after=2024-09-24 00:00:00+00:00
[2024-09-23T16:07:16.821+0000] {processor.py:208} INFO - Processing /opt/airflow/dags/spark_dbt_job_dag.py took 0.073 seconds
[2024-09-23T16:07:47.035+0000] {processor.py:186} INFO - Started process (PID=3988) to work on /opt/airflow/dags/spark_dbt_job_dag.py
[2024-09-23T16:07:47.036+0000] {processor.py:914} INFO - Processing file /opt/airflow/dags/spark_dbt_job_dag.py for tasks to queue
[2024-09-23T16:07:47.038+0000] {logging_mixin.py:190} INFO - [2024-09-23T16:07:47.038+0000] {dagbag.py:588} INFO - Filling up the DagBag from /opt/airflow/dags/spark_dbt_job_dag.py
[2024-09-23T16:07:47.063+0000] {processor.py:925} INFO - DAG(s) 'clickhouse_spark_dag' retrieved from /opt/airflow/dags/spark_dbt_job_dag.py
[2024-09-23T16:07:47.076+0000] {logging_mixin.py:190} INFO - [2024-09-23T16:07:47.076+0000] {dag.py:3239} INFO - Sync 1 DAGs
[2024-09-23T16:07:47.090+0000] {logging_mixin.py:190} INFO - [2024-09-23T16:07:47.090+0000] {dag.py:4180} INFO - Setting next_dagrun for clickhouse_spark_dag to 2024-09-23 00:00:00+00:00, run_after=2024-09-24 00:00:00+00:00
[2024-09-23T16:07:47.101+0000] {processor.py:208} INFO - Processing /opt/airflow/dags/spark_dbt_job_dag.py took 0.070 seconds
[2024-09-23T16:08:17.263+0000] {processor.py:186} INFO - Started process (PID=4013) to work on /opt/airflow/dags/spark_dbt_job_dag.py
[2024-09-23T16:08:17.264+0000] {processor.py:914} INFO - Processing file /opt/airflow/dags/spark_dbt_job_dag.py for tasks to queue
[2024-09-23T16:08:17.267+0000] {logging_mixin.py:190} INFO - [2024-09-23T16:08:17.267+0000] {dagbag.py:588} INFO - Filling up the DagBag from /opt/airflow/dags/spark_dbt_job_dag.py
[2024-09-23T16:08:17.292+0000] {processor.py:925} INFO - DAG(s) 'clickhouse_spark_dag' retrieved from /opt/airflow/dags/spark_dbt_job_dag.py
[2024-09-23T16:08:17.306+0000] {logging_mixin.py:190} INFO - [2024-09-23T16:08:17.305+0000] {dag.py:3239} INFO - Sync 1 DAGs
[2024-09-23T16:08:17.321+0000] {logging_mixin.py:190} INFO - [2024-09-23T16:08:17.321+0000] {dag.py:4180} INFO - Setting next_dagrun for clickhouse_spark_dag to 2024-09-23 00:00:00+00:00, run_after=2024-09-24 00:00:00+00:00
[2024-09-23T16:08:17.415+0000] {processor.py:208} INFO - Processing /opt/airflow/dags/spark_dbt_job_dag.py took 0.156 seconds
[2024-09-23T16:08:47.544+0000] {processor.py:186} INFO - Started process (PID=4039) to work on /opt/airflow/dags/spark_dbt_job_dag.py
[2024-09-23T16:08:47.547+0000] {processor.py:914} INFO - Processing file /opt/airflow/dags/spark_dbt_job_dag.py for tasks to queue
[2024-09-23T16:08:47.550+0000] {logging_mixin.py:190} INFO - [2024-09-23T16:08:47.550+0000] {dagbag.py:588} INFO - Filling up the DagBag from /opt/airflow/dags/spark_dbt_job_dag.py
[2024-09-23T16:08:47.579+0000] {processor.py:925} INFO - DAG(s) 'clickhouse_spark_dag' retrieved from /opt/airflow/dags/spark_dbt_job_dag.py
[2024-09-23T16:08:47.593+0000] {logging_mixin.py:190} INFO - [2024-09-23T16:08:47.593+0000] {dag.py:3239} INFO - Sync 1 DAGs
[2024-09-23T16:08:47.685+0000] {logging_mixin.py:190} INFO - [2024-09-23T16:08:47.685+0000] {dag.py:4180} INFO - Setting next_dagrun for clickhouse_spark_dag to 2024-09-23 00:00:00+00:00, run_after=2024-09-24 00:00:00+00:00
[2024-09-23T16:08:47.696+0000] {processor.py:208} INFO - Processing /opt/airflow/dags/spark_dbt_job_dag.py took 0.156 seconds
[2024-09-23T16:09:17.821+0000] {processor.py:186} INFO - Started process (PID=4058) to work on /opt/airflow/dags/spark_dbt_job_dag.py
[2024-09-23T16:09:17.823+0000] {processor.py:914} INFO - Processing file /opt/airflow/dags/spark_dbt_job_dag.py for tasks to queue
[2024-09-23T16:09:17.826+0000] {logging_mixin.py:190} INFO - [2024-09-23T16:09:17.826+0000] {dagbag.py:588} INFO - Filling up the DagBag from /opt/airflow/dags/spark_dbt_job_dag.py
[2024-09-23T16:09:17.852+0000] {processor.py:925} INFO - DAG(s) 'clickhouse_spark_dag' retrieved from /opt/airflow/dags/spark_dbt_job_dag.py
[2024-09-23T16:09:17.866+0000] {logging_mixin.py:190} INFO - [2024-09-23T16:09:17.865+0000] {dag.py:3239} INFO - Sync 1 DAGs
[2024-09-23T16:09:17.881+0000] {logging_mixin.py:190} INFO - [2024-09-23T16:09:17.881+0000] {dag.py:4180} INFO - Setting next_dagrun for clickhouse_spark_dag to 2024-09-23 00:00:00+00:00, run_after=2024-09-24 00:00:00+00:00
[2024-09-23T16:09:17.892+0000] {processor.py:208} INFO - Processing /opt/airflow/dags/spark_dbt_job_dag.py took 0.075 seconds
[2024-09-23T16:09:48.080+0000] {processor.py:186} INFO - Started process (PID=4083) to work on /opt/airflow/dags/spark_dbt_job_dag.py
[2024-09-23T16:09:48.081+0000] {processor.py:914} INFO - Processing file /opt/airflow/dags/spark_dbt_job_dag.py for tasks to queue
[2024-09-23T16:09:48.083+0000] {logging_mixin.py:190} INFO - [2024-09-23T16:09:48.083+0000] {dagbag.py:588} INFO - Filling up the DagBag from /opt/airflow/dags/spark_dbt_job_dag.py
[2024-09-23T16:09:48.109+0000] {processor.py:925} INFO - DAG(s) 'clickhouse_spark_dag' retrieved from /opt/airflow/dags/spark_dbt_job_dag.py
[2024-09-23T16:09:48.124+0000] {logging_mixin.py:190} INFO - [2024-09-23T16:09:48.123+0000] {dag.py:3239} INFO - Sync 1 DAGs
[2024-09-23T16:09:48.138+0000] {logging_mixin.py:190} INFO - [2024-09-23T16:09:48.138+0000] {dag.py:4180} INFO - Setting next_dagrun for clickhouse_spark_dag to 2024-09-23 00:00:00+00:00, run_after=2024-09-24 00:00:00+00:00
[2024-09-23T16:09:48.150+0000] {processor.py:208} INFO - Processing /opt/airflow/dags/spark_dbt_job_dag.py took 0.074 seconds
[2024-09-23T16:10:18.310+0000] {processor.py:186} INFO - Started process (PID=4108) to work on /opt/airflow/dags/spark_dbt_job_dag.py
[2024-09-23T16:10:18.312+0000] {processor.py:914} INFO - Processing file /opt/airflow/dags/spark_dbt_job_dag.py for tasks to queue
[2024-09-23T16:10:18.315+0000] {logging_mixin.py:190} INFO - [2024-09-23T16:10:18.314+0000] {dagbag.py:588} INFO - Filling up the DagBag from /opt/airflow/dags/spark_dbt_job_dag.py
[2024-09-23T16:10:18.342+0000] {processor.py:925} INFO - DAG(s) 'clickhouse_spark_dag' retrieved from /opt/airflow/dags/spark_dbt_job_dag.py
[2024-09-23T16:10:18.356+0000] {logging_mixin.py:190} INFO - [2024-09-23T16:10:18.355+0000] {dag.py:3239} INFO - Sync 1 DAGs
[2024-09-23T16:10:18.371+0000] {logging_mixin.py:190} INFO - [2024-09-23T16:10:18.370+0000] {dag.py:4180} INFO - Setting next_dagrun for clickhouse_spark_dag to 2024-09-23 00:00:00+00:00, run_after=2024-09-24 00:00:00+00:00
[2024-09-23T16:10:18.384+0000] {processor.py:208} INFO - Processing /opt/airflow/dags/spark_dbt_job_dag.py took 0.079 seconds
[2024-09-23T16:10:48.563+0000] {processor.py:186} INFO - Started process (PID=4127) to work on /opt/airflow/dags/spark_dbt_job_dag.py
[2024-09-23T16:10:48.566+0000] {processor.py:914} INFO - Processing file /opt/airflow/dags/spark_dbt_job_dag.py for tasks to queue
[2024-09-23T16:10:48.568+0000] {logging_mixin.py:190} INFO - [2024-09-23T16:10:48.568+0000] {dagbag.py:588} INFO - Filling up the DagBag from /opt/airflow/dags/spark_dbt_job_dag.py
[2024-09-23T16:10:48.593+0000] {processor.py:925} INFO - DAG(s) 'clickhouse_spark_dag' retrieved from /opt/airflow/dags/spark_dbt_job_dag.py
[2024-09-23T16:10:48.606+0000] {logging_mixin.py:190} INFO - [2024-09-23T16:10:48.606+0000] {dag.py:3239} INFO - Sync 1 DAGs
[2024-09-23T16:10:48.620+0000] {logging_mixin.py:190} INFO - [2024-09-23T16:10:48.620+0000] {dag.py:4180} INFO - Setting next_dagrun for clickhouse_spark_dag to 2024-09-23 00:00:00+00:00, run_after=2024-09-24 00:00:00+00:00
[2024-09-23T16:10:48.708+0000] {processor.py:208} INFO - Processing /opt/airflow/dags/spark_dbt_job_dag.py took 0.149 seconds
[2024-09-23T16:11:18.856+0000] {processor.py:186} INFO - Started process (PID=4153) to work on /opt/airflow/dags/spark_dbt_job_dag.py
[2024-09-23T16:11:18.858+0000] {processor.py:914} INFO - Processing file /opt/airflow/dags/spark_dbt_job_dag.py for tasks to queue
[2024-09-23T16:11:18.862+0000] {logging_mixin.py:190} INFO - [2024-09-23T16:11:18.862+0000] {dagbag.py:588} INFO - Filling up the DagBag from /opt/airflow/dags/spark_dbt_job_dag.py
[2024-09-23T16:11:18.896+0000] {processor.py:925} INFO - DAG(s) 'clickhouse_spark_dag' retrieved from /opt/airflow/dags/spark_dbt_job_dag.py
[2024-09-23T16:11:18.911+0000] {logging_mixin.py:190} INFO - [2024-09-23T16:11:18.910+0000] {dag.py:3239} INFO - Sync 1 DAGs
[2024-09-23T16:11:19.008+0000] {logging_mixin.py:190} INFO - [2024-09-23T16:11:19.008+0000] {dag.py:4180} INFO - Setting next_dagrun for clickhouse_spark_dag to 2024-09-23 00:00:00+00:00, run_after=2024-09-24 00:00:00+00:00
[2024-09-23T16:11:19.020+0000] {processor.py:208} INFO - Processing /opt/airflow/dags/spark_dbt_job_dag.py took 0.169 seconds
[2024-09-23T16:11:49.084+0000] {processor.py:186} INFO - Started process (PID=4172) to work on /opt/airflow/dags/spark_dbt_job_dag.py
[2024-09-23T16:11:49.085+0000] {processor.py:914} INFO - Processing file /opt/airflow/dags/spark_dbt_job_dag.py for tasks to queue
[2024-09-23T16:11:49.088+0000] {logging_mixin.py:190} INFO - [2024-09-23T16:11:49.088+0000] {dagbag.py:588} INFO - Filling up the DagBag from /opt/airflow/dags/spark_dbt_job_dag.py
[2024-09-23T16:11:49.120+0000] {processor.py:925} INFO - DAG(s) 'clickhouse_spark_dag' retrieved from /opt/airflow/dags/spark_dbt_job_dag.py
[2024-09-23T16:11:49.134+0000] {logging_mixin.py:190} INFO - [2024-09-23T16:11:49.134+0000] {dag.py:3239} INFO - Sync 1 DAGs
[2024-09-23T16:11:49.149+0000] {logging_mixin.py:190} INFO - [2024-09-23T16:11:49.149+0000] {dag.py:4180} INFO - Setting next_dagrun for clickhouse_spark_dag to 2024-09-23 00:00:00+00:00, run_after=2024-09-24 00:00:00+00:00
[2024-09-23T16:11:49.160+0000] {processor.py:208} INFO - Processing /opt/airflow/dags/spark_dbt_job_dag.py took 0.080 seconds
[2024-09-23T16:12:19.309+0000] {processor.py:186} INFO - Started process (PID=4198) to work on /opt/airflow/dags/spark_dbt_job_dag.py
[2024-09-23T16:12:19.310+0000] {processor.py:914} INFO - Processing file /opt/airflow/dags/spark_dbt_job_dag.py for tasks to queue
[2024-09-23T16:12:19.313+0000] {logging_mixin.py:190} INFO - [2024-09-23T16:12:19.312+0000] {dagbag.py:588} INFO - Filling up the DagBag from /opt/airflow/dags/spark_dbt_job_dag.py
[2024-09-23T16:12:19.337+0000] {processor.py:925} INFO - DAG(s) 'clickhouse_spark_dag' retrieved from /opt/airflow/dags/spark_dbt_job_dag.py
[2024-09-23T16:12:19.348+0000] {logging_mixin.py:190} INFO - [2024-09-23T16:12:19.348+0000] {dag.py:3239} INFO - Sync 1 DAGs
[2024-09-23T16:12:19.362+0000] {logging_mixin.py:190} INFO - [2024-09-23T16:12:19.362+0000] {dag.py:4180} INFO - Setting next_dagrun for clickhouse_spark_dag to 2024-09-23 00:00:00+00:00, run_after=2024-09-24 00:00:00+00:00
[2024-09-23T16:12:19.374+0000] {processor.py:208} INFO - Processing /opt/airflow/dags/spark_dbt_job_dag.py took 0.069 seconds
[2024-09-23T16:12:49.573+0000] {processor.py:186} INFO - Started process (PID=4224) to work on /opt/airflow/dags/spark_dbt_job_dag.py
[2024-09-23T16:12:49.575+0000] {processor.py:914} INFO - Processing file /opt/airflow/dags/spark_dbt_job_dag.py for tasks to queue
[2024-09-23T16:12:49.577+0000] {logging_mixin.py:190} INFO - [2024-09-23T16:12:49.577+0000] {dagbag.py:588} INFO - Filling up the DagBag from /opt/airflow/dags/spark_dbt_job_dag.py
[2024-09-23T16:12:49.603+0000] {processor.py:925} INFO - DAG(s) 'clickhouse_spark_dag' retrieved from /opt/airflow/dags/spark_dbt_job_dag.py
[2024-09-23T16:12:49.616+0000] {logging_mixin.py:190} INFO - [2024-09-23T16:12:49.616+0000] {dag.py:3239} INFO - Sync 1 DAGs
[2024-09-23T16:12:49.630+0000] {logging_mixin.py:190} INFO - [2024-09-23T16:12:49.630+0000] {dag.py:4180} INFO - Setting next_dagrun for clickhouse_spark_dag to 2024-09-23 00:00:00+00:00, run_after=2024-09-24 00:00:00+00:00
[2024-09-23T16:12:49.642+0000] {processor.py:208} INFO - Processing /opt/airflow/dags/spark_dbt_job_dag.py took 0.073 seconds
[2024-09-23T16:13:19.838+0000] {processor.py:186} INFO - Started process (PID=4243) to work on /opt/airflow/dags/spark_dbt_job_dag.py
[2024-09-23T16:13:19.841+0000] {processor.py:914} INFO - Processing file /opt/airflow/dags/spark_dbt_job_dag.py for tasks to queue
[2024-09-23T16:13:19.843+0000] {logging_mixin.py:190} INFO - [2024-09-23T16:13:19.842+0000] {dagbag.py:588} INFO - Filling up the DagBag from /opt/airflow/dags/spark_dbt_job_dag.py
[2024-09-23T16:13:19.868+0000] {processor.py:925} INFO - DAG(s) 'clickhouse_spark_dag' retrieved from /opt/airflow/dags/spark_dbt_job_dag.py
[2024-09-23T16:13:19.880+0000] {logging_mixin.py:190} INFO - [2024-09-23T16:13:19.880+0000] {dag.py:3239} INFO - Sync 1 DAGs
[2024-09-23T16:13:19.975+0000] {logging_mixin.py:190} INFO - [2024-09-23T16:13:19.974+0000] {dag.py:4180} INFO - Setting next_dagrun for clickhouse_spark_dag to 2024-09-23 00:00:00+00:00, run_after=2024-09-24 00:00:00+00:00
[2024-09-23T16:13:19.986+0000] {processor.py:208} INFO - Processing /opt/airflow/dags/spark_dbt_job_dag.py took 0.151 seconds
[2024-09-23T16:13:50.105+0000] {processor.py:186} INFO - Started process (PID=4268) to work on /opt/airflow/dags/spark_dbt_job_dag.py
[2024-09-23T16:13:50.107+0000] {processor.py:914} INFO - Processing file /opt/airflow/dags/spark_dbt_job_dag.py for tasks to queue
[2024-09-23T16:13:50.110+0000] {logging_mixin.py:190} INFO - [2024-09-23T16:13:50.110+0000] {dagbag.py:588} INFO - Filling up the DagBag from /opt/airflow/dags/spark_dbt_job_dag.py
[2024-09-23T16:13:50.136+0000] {processor.py:925} INFO - DAG(s) 'clickhouse_spark_dag' retrieved from /opt/airflow/dags/spark_dbt_job_dag.py
[2024-09-23T16:13:50.149+0000] {logging_mixin.py:190} INFO - [2024-09-23T16:13:50.149+0000] {dag.py:3239} INFO - Sync 1 DAGs
[2024-09-23T16:13:50.162+0000] {logging_mixin.py:190} INFO - [2024-09-23T16:13:50.162+0000] {dag.py:4180} INFO - Setting next_dagrun for clickhouse_spark_dag to 2024-09-23 00:00:00+00:00, run_after=2024-09-24 00:00:00+00:00
[2024-09-23T16:13:50.175+0000] {processor.py:208} INFO - Processing /opt/airflow/dags/spark_dbt_job_dag.py took 0.074 seconds
[2024-09-23T16:14:36.582+0000] {processor.py:186} INFO - Started process (PID=4280) to work on /opt/airflow/dags/spark_dbt_job_dag.py
[2024-09-23T16:14:36.586+0000] {processor.py:914} INFO - Processing file /opt/airflow/dags/spark_dbt_job_dag.py for tasks to queue
[2024-09-23T16:14:36.593+0000] {logging_mixin.py:190} INFO - [2024-09-23T16:14:36.592+0000] {dagbag.py:588} INFO - Filling up the DagBag from /opt/airflow/dags/spark_dbt_job_dag.py
[2024-09-23T16:14:36.694+0000] {processor.py:925} INFO - DAG(s) 'clickhouse_spark_dag' retrieved from /opt/airflow/dags/spark_dbt_job_dag.py
[2024-09-23T16:14:36.720+0000] {logging_mixin.py:190} INFO - [2024-09-23T16:14:36.720+0000] {dag.py:3239} INFO - Sync 1 DAGs
[2024-09-23T16:14:36.754+0000] {logging_mixin.py:190} INFO - [2024-09-23T16:14:36.754+0000] {dag.py:4180} INFO - Setting next_dagrun for clickhouse_spark_dag to 2024-09-23 00:00:00+00:00, run_after=2024-09-24 00:00:00+00:00
[2024-09-23T16:14:36.796+0000] {processor.py:208} INFO - Processing /opt/airflow/dags/spark_dbt_job_dag.py took 0.224 seconds
[2024-09-23T16:15:07.035+0000] {processor.py:186} INFO - Started process (PID=4305) to work on /opt/airflow/dags/spark_dbt_job_dag.py
[2024-09-23T16:15:07.037+0000] {processor.py:914} INFO - Processing file /opt/airflow/dags/spark_dbt_job_dag.py for tasks to queue
[2024-09-23T16:15:07.040+0000] {logging_mixin.py:190} INFO - [2024-09-23T16:15:07.040+0000] {dagbag.py:588} INFO - Filling up the DagBag from /opt/airflow/dags/spark_dbt_job_dag.py
[2024-09-23T16:15:07.072+0000] {processor.py:925} INFO - DAG(s) 'clickhouse_spark_dag' retrieved from /opt/airflow/dags/spark_dbt_job_dag.py
[2024-09-23T16:15:07.087+0000] {logging_mixin.py:190} INFO - [2024-09-23T16:15:07.087+0000] {dag.py:3239} INFO - Sync 1 DAGs
[2024-09-23T16:15:07.100+0000] {logging_mixin.py:190} INFO - [2024-09-23T16:15:07.100+0000] {dag.py:4180} INFO - Setting next_dagrun for clickhouse_spark_dag to 2024-09-23 00:00:00+00:00, run_after=2024-09-24 00:00:00+00:00
[2024-09-23T16:15:07.112+0000] {processor.py:208} INFO - Processing /opt/airflow/dags/spark_dbt_job_dag.py took 0.080 seconds
[2024-09-23T16:15:40.805+0000] {processor.py:186} INFO - Started process (PID=4324) to work on /opt/airflow/dags/spark_dbt_job_dag.py
[2024-09-23T16:15:40.807+0000] {processor.py:914} INFO - Processing file /opt/airflow/dags/spark_dbt_job_dag.py for tasks to queue
[2024-09-23T16:15:40.811+0000] {logging_mixin.py:190} INFO - [2024-09-23T16:15:40.810+0000] {dagbag.py:588} INFO - Filling up the DagBag from /opt/airflow/dags/spark_dbt_job_dag.py
[2024-09-23T16:15:40.851+0000] {processor.py:925} INFO - DAG(s) 'clickhouse_spark_dag' retrieved from /opt/airflow/dags/spark_dbt_job_dag.py
[2024-09-23T16:15:40.870+0000] {logging_mixin.py:190} INFO - [2024-09-23T16:15:40.870+0000] {dag.py:3239} INFO - Sync 1 DAGs
[2024-09-23T16:15:40.890+0000] {logging_mixin.py:190} INFO - [2024-09-23T16:15:40.890+0000] {dag.py:4180} INFO - Setting next_dagrun for clickhouse_spark_dag to 2024-09-23 00:00:00+00:00, run_after=2024-09-24 00:00:00+00:00
[2024-09-23T16:15:40.906+0000] {processor.py:208} INFO - Processing /opt/airflow/dags/spark_dbt_job_dag.py took 0.108 seconds
[2024-09-23T16:16:11.139+0000] {processor.py:186} INFO - Started process (PID=4342) to work on /opt/airflow/dags/spark_dbt_job_dag.py
[2024-09-23T16:16:11.141+0000] {processor.py:914} INFO - Processing file /opt/airflow/dags/spark_dbt_job_dag.py for tasks to queue
[2024-09-23T16:16:11.143+0000] {logging_mixin.py:190} INFO - [2024-09-23T16:16:11.142+0000] {dagbag.py:588} INFO - Filling up the DagBag from /opt/airflow/dags/spark_dbt_job_dag.py
[2024-09-23T16:16:11.166+0000] {processor.py:925} INFO - DAG(s) 'clickhouse_spark_dag' retrieved from /opt/airflow/dags/spark_dbt_job_dag.py
[2024-09-23T16:16:11.180+0000] {logging_mixin.py:190} INFO - [2024-09-23T16:16:11.180+0000] {dag.py:3239} INFO - Sync 1 DAGs
[2024-09-23T16:16:11.195+0000] {logging_mixin.py:190} INFO - [2024-09-23T16:16:11.195+0000] {dag.py:4180} INFO - Setting next_dagrun for clickhouse_spark_dag to 2024-09-23 00:00:00+00:00, run_after=2024-09-24 00:00:00+00:00
[2024-09-23T16:16:11.284+0000] {processor.py:208} INFO - Processing /opt/airflow/dags/spark_dbt_job_dag.py took 0.148 seconds
[2024-09-23T16:23:15.385+0000] {processor.py:186} INFO - Started process (PID=4375) to work on /opt/airflow/dags/spark_dbt_job_dag.py
[2024-09-23T16:23:15.394+0000] {processor.py:914} INFO - Processing file /opt/airflow/dags/spark_dbt_job_dag.py for tasks to queue
[2024-09-23T16:23:15.402+0000] {logging_mixin.py:190} INFO - [2024-09-23T16:23:15.401+0000] {dagbag.py:588} INFO - Filling up the DagBag from /opt/airflow/dags/spark_dbt_job_dag.py
[2024-09-23T16:23:15.455+0000] {processor.py:925} INFO - DAG(s) 'clickhouse_spark_dag' retrieved from /opt/airflow/dags/spark_dbt_job_dag.py
[2024-09-23T16:23:15.479+0000] {logging_mixin.py:190} INFO - [2024-09-23T16:23:15.479+0000] {dag.py:3239} INFO - Sync 1 DAGs
[2024-09-23T16:23:15.736+0000] {logging_mixin.py:190} INFO - [2024-09-23T16:23:15.736+0000] {dag.py:4180} INFO - Setting next_dagrun for clickhouse_spark_dag to 2024-09-23 00:00:00+00:00, run_after=2024-09-24 00:00:00+00:00
[2024-09-23T16:23:15.750+0000] {processor.py:208} INFO - Processing /opt/airflow/dags/spark_dbt_job_dag.py took 0.407 seconds
[2024-09-23T16:23:46.154+0000] {processor.py:186} INFO - Started process (PID=4394) to work on /opt/airflow/dags/spark_dbt_job_dag.py
[2024-09-23T16:23:46.156+0000] {processor.py:914} INFO - Processing file /opt/airflow/dags/spark_dbt_job_dag.py for tasks to queue
[2024-09-23T16:23:46.158+0000] {logging_mixin.py:190} INFO - [2024-09-23T16:23:46.158+0000] {dagbag.py:588} INFO - Filling up the DagBag from /opt/airflow/dags/spark_dbt_job_dag.py
[2024-09-23T16:23:46.184+0000] {processor.py:925} INFO - DAG(s) 'clickhouse_spark_dag' retrieved from /opt/airflow/dags/spark_dbt_job_dag.py
[2024-09-23T16:23:46.198+0000] {logging_mixin.py:190} INFO - [2024-09-23T16:23:46.197+0000] {dag.py:3239} INFO - Sync 1 DAGs
[2024-09-23T16:23:46.212+0000] {logging_mixin.py:190} INFO - [2024-09-23T16:23:46.211+0000] {dag.py:4180} INFO - Setting next_dagrun for clickhouse_spark_dag to 2024-09-23 00:00:00+00:00, run_after=2024-09-24 00:00:00+00:00
[2024-09-23T16:23:46.224+0000] {processor.py:208} INFO - Processing /opt/airflow/dags/spark_dbt_job_dag.py took 0.074 seconds
[2024-09-23T16:39:08.164+0000] {processor.py:186} INFO - Started process (PID=4412) to work on /opt/airflow/dags/spark_dbt_job_dag.py
[2024-09-23T16:39:08.167+0000] {processor.py:914} INFO - Processing file /opt/airflow/dags/spark_dbt_job_dag.py for tasks to queue
[2024-09-23T16:39:08.171+0000] {logging_mixin.py:190} INFO - [2024-09-23T16:39:08.171+0000] {dagbag.py:588} INFO - Filling up the DagBag from /opt/airflow/dags/spark_dbt_job_dag.py
[2024-09-23T16:39:08.240+0000] {processor.py:925} INFO - DAG(s) 'clickhouse_spark_dag' retrieved from /opt/airflow/dags/spark_dbt_job_dag.py
[2024-09-23T16:39:08.269+0000] {logging_mixin.py:190} INFO - [2024-09-23T16:39:08.269+0000] {dag.py:3239} INFO - Sync 1 DAGs
[2024-09-23T16:39:08.292+0000] {logging_mixin.py:190} INFO - [2024-09-23T16:39:08.292+0000] {dag.py:4180} INFO - Setting next_dagrun for clickhouse_spark_dag to 2024-09-23 00:00:00+00:00, run_after=2024-09-24 00:00:00+00:00
[2024-09-23T16:39:08.355+0000] {processor.py:208} INFO - Processing /opt/airflow/dags/spark_dbt_job_dag.py took 0.198 seconds
[2024-09-23T16:39:38.511+0000] {processor.py:186} INFO - Started process (PID=4431) to work on /opt/airflow/dags/spark_dbt_job_dag.py
[2024-09-23T16:39:38.514+0000] {processor.py:914} INFO - Processing file /opt/airflow/dags/spark_dbt_job_dag.py for tasks to queue
[2024-09-23T16:39:38.517+0000] {logging_mixin.py:190} INFO - [2024-09-23T16:39:38.517+0000] {dagbag.py:588} INFO - Filling up the DagBag from /opt/airflow/dags/spark_dbt_job_dag.py
[2024-09-23T16:39:38.542+0000] {processor.py:925} INFO - DAG(s) 'clickhouse_spark_dag' retrieved from /opt/airflow/dags/spark_dbt_job_dag.py
[2024-09-23T16:39:38.556+0000] {logging_mixin.py:190} INFO - [2024-09-23T16:39:38.556+0000] {dag.py:3239} INFO - Sync 1 DAGs
[2024-09-23T16:39:38.571+0000] {logging_mixin.py:190} INFO - [2024-09-23T16:39:38.571+0000] {dag.py:4180} INFO - Setting next_dagrun for clickhouse_spark_dag to 2024-09-23 00:00:00+00:00, run_after=2024-09-24 00:00:00+00:00
[2024-09-23T16:39:38.583+0000] {processor.py:208} INFO - Processing /opt/airflow/dags/spark_dbt_job_dag.py took 0.077 seconds
[2024-09-23T16:40:08.872+0000] {processor.py:186} INFO - Started process (PID=4456) to work on /opt/airflow/dags/spark_dbt_job_dag.py
[2024-09-23T16:40:08.874+0000] {processor.py:914} INFO - Processing file /opt/airflow/dags/spark_dbt_job_dag.py for tasks to queue
[2024-09-23T16:40:08.876+0000] {logging_mixin.py:190} INFO - [2024-09-23T16:40:08.876+0000] {dagbag.py:588} INFO - Filling up the DagBag from /opt/airflow/dags/spark_dbt_job_dag.py
[2024-09-23T16:40:08.900+0000] {processor.py:925} INFO - DAG(s) 'clickhouse_spark_dag' retrieved from /opt/airflow/dags/spark_dbt_job_dag.py
[2024-09-23T16:40:08.912+0000] {logging_mixin.py:190} INFO - [2024-09-23T16:40:08.912+0000] {dag.py:3239} INFO - Sync 1 DAGs
[2024-09-23T16:40:09.007+0000] {logging_mixin.py:190} INFO - [2024-09-23T16:40:09.006+0000] {dag.py:4180} INFO - Setting next_dagrun for clickhouse_spark_dag to 2024-09-23 00:00:00+00:00, run_after=2024-09-24 00:00:00+00:00
[2024-09-23T16:40:09.017+0000] {processor.py:208} INFO - Processing /opt/airflow/dags/spark_dbt_job_dag.py took 0.149 seconds
[2024-09-23T16:55:50.317+0000] {processor.py:186} INFO - Started process (PID=4482) to work on /opt/airflow/dags/spark_dbt_job_dag.py
[2024-09-23T16:55:50.320+0000] {processor.py:914} INFO - Processing file /opt/airflow/dags/spark_dbt_job_dag.py for tasks to queue
[2024-09-23T16:55:50.347+0000] {logging_mixin.py:190} INFO - [2024-09-23T16:55:50.344+0000] {dagbag.py:588} INFO - Filling up the DagBag from /opt/airflow/dags/spark_dbt_job_dag.py
[2024-09-23T16:55:50.420+0000] {processor.py:925} INFO - DAG(s) 'clickhouse_spark_dag' retrieved from /opt/airflow/dags/spark_dbt_job_dag.py
[2024-09-23T16:55:50.448+0000] {logging_mixin.py:190} INFO - [2024-09-23T16:55:50.447+0000] {dag.py:3239} INFO - Sync 1 DAGs
[2024-09-23T16:55:50.745+0000] {logging_mixin.py:190} INFO - [2024-09-23T16:55:50.744+0000] {dag.py:4180} INFO - Setting next_dagrun for clickhouse_spark_dag to 2024-09-23 00:00:00+00:00, run_after=2024-09-24 00:00:00+00:00
[2024-09-23T16:55:50.759+0000] {processor.py:208} INFO - Processing /opt/airflow/dags/spark_dbt_job_dag.py took 0.456 seconds
[2024-09-23T16:56:21.164+0000] {processor.py:186} INFO - Started process (PID=4500) to work on /opt/airflow/dags/spark_dbt_job_dag.py
[2024-09-23T16:56:21.166+0000] {processor.py:914} INFO - Processing file /opt/airflow/dags/spark_dbt_job_dag.py for tasks to queue
[2024-09-23T16:56:21.168+0000] {logging_mixin.py:190} INFO - [2024-09-23T16:56:21.168+0000] {dagbag.py:588} INFO - Filling up the DagBag from /opt/airflow/dags/spark_dbt_job_dag.py
[2024-09-23T16:56:21.192+0000] {processor.py:925} INFO - DAG(s) 'clickhouse_spark_dag' retrieved from /opt/airflow/dags/spark_dbt_job_dag.py
[2024-09-23T16:56:21.205+0000] {logging_mixin.py:190} INFO - [2024-09-23T16:56:21.205+0000] {dag.py:3239} INFO - Sync 1 DAGs
[2024-09-23T16:56:21.219+0000] {logging_mixin.py:190} INFO - [2024-09-23T16:56:21.219+0000] {dag.py:4180} INFO - Setting next_dagrun for clickhouse_spark_dag to 2024-09-23 00:00:00+00:00, run_after=2024-09-24 00:00:00+00:00
[2024-09-23T16:56:21.233+0000] {processor.py:208} INFO - Processing /opt/airflow/dags/spark_dbt_job_dag.py took 0.073 seconds
[2024-09-23T16:56:51.489+0000] {processor.py:186} INFO - Started process (PID=4526) to work on /opt/airflow/dags/spark_dbt_job_dag.py
[2024-09-23T16:56:51.491+0000] {processor.py:914} INFO - Processing file /opt/airflow/dags/spark_dbt_job_dag.py for tasks to queue
[2024-09-23T16:56:51.493+0000] {logging_mixin.py:190} INFO - [2024-09-23T16:56:51.493+0000] {dagbag.py:588} INFO - Filling up the DagBag from /opt/airflow/dags/spark_dbt_job_dag.py
[2024-09-23T16:56:51.518+0000] {processor.py:925} INFO - DAG(s) 'clickhouse_spark_dag' retrieved from /opt/airflow/dags/spark_dbt_job_dag.py
[2024-09-23T16:56:51.532+0000] {logging_mixin.py:190} INFO - [2024-09-23T16:56:51.532+0000] {dag.py:3239} INFO - Sync 1 DAGs
[2024-09-23T16:56:51.549+0000] {logging_mixin.py:190} INFO - [2024-09-23T16:56:51.549+0000] {dag.py:4180} INFO - Setting next_dagrun for clickhouse_spark_dag to 2024-09-23 00:00:00+00:00, run_after=2024-09-24 00:00:00+00:00
[2024-09-23T16:56:51.564+0000] {processor.py:208} INFO - Processing /opt/airflow/dags/spark_dbt_job_dag.py took 0.080 seconds
[2024-09-23T16:57:21.980+0000] {processor.py:186} INFO - Started process (PID=4545) to work on /opt/airflow/dags/spark_dbt_job_dag.py
[2024-09-23T16:57:21.981+0000] {processor.py:914} INFO - Processing file /opt/airflow/dags/spark_dbt_job_dag.py for tasks to queue
[2024-09-23T16:57:21.984+0000] {logging_mixin.py:190} INFO - [2024-09-23T16:57:21.983+0000] {dagbag.py:588} INFO - Filling up the DagBag from /opt/airflow/dags/spark_dbt_job_dag.py
[2024-09-23T16:57:22.011+0000] {processor.py:925} INFO - DAG(s) 'clickhouse_spark_dag' retrieved from /opt/airflow/dags/spark_dbt_job_dag.py
[2024-09-23T16:57:22.025+0000] {logging_mixin.py:190} INFO - [2024-09-23T16:57:22.024+0000] {dag.py:3239} INFO - Sync 1 DAGs
[2024-09-23T16:57:22.039+0000] {logging_mixin.py:190} INFO - [2024-09-23T16:57:22.039+0000] {dag.py:4180} INFO - Setting next_dagrun for clickhouse_spark_dag to 2024-09-23 00:00:00+00:00, run_after=2024-09-24 00:00:00+00:00
[2024-09-23T16:57:22.134+0000] {processor.py:208} INFO - Processing /opt/airflow/dags/spark_dbt_job_dag.py took 0.158 seconds
[2024-09-23T16:57:52.246+0000] {processor.py:186} INFO - Started process (PID=4571) to work on /opt/airflow/dags/spark_dbt_job_dag.py
[2024-09-23T16:57:52.247+0000] {processor.py:914} INFO - Processing file /opt/airflow/dags/spark_dbt_job_dag.py for tasks to queue
[2024-09-23T16:57:52.249+0000] {logging_mixin.py:190} INFO - [2024-09-23T16:57:52.249+0000] {dagbag.py:588} INFO - Filling up the DagBag from /opt/airflow/dags/spark_dbt_job_dag.py
[2024-09-23T16:57:52.275+0000] {processor.py:925} INFO - DAG(s) 'clickhouse_spark_dag' retrieved from /opt/airflow/dags/spark_dbt_job_dag.py
[2024-09-23T16:57:52.288+0000] {logging_mixin.py:190} INFO - [2024-09-23T16:57:52.288+0000] {dag.py:3239} INFO - Sync 1 DAGs
[2024-09-23T16:57:52.385+0000] {logging_mixin.py:190} INFO - [2024-09-23T16:57:52.385+0000] {dag.py:4180} INFO - Setting next_dagrun for clickhouse_spark_dag to 2024-09-23 00:00:00+00:00, run_after=2024-09-24 00:00:00+00:00
[2024-09-23T16:57:52.397+0000] {processor.py:208} INFO - Processing /opt/airflow/dags/spark_dbt_job_dag.py took 0.156 seconds
[2024-09-23T16:58:22.710+0000] {processor.py:186} INFO - Started process (PID=4597) to work on /opt/airflow/dags/spark_dbt_job_dag.py
[2024-09-23T16:58:22.711+0000] {processor.py:914} INFO - Processing file /opt/airflow/dags/spark_dbt_job_dag.py for tasks to queue
[2024-09-23T16:58:22.714+0000] {logging_mixin.py:190} INFO - [2024-09-23T16:58:22.714+0000] {dagbag.py:588} INFO - Filling up the DagBag from /opt/airflow/dags/spark_dbt_job_dag.py
[2024-09-23T16:58:22.747+0000] {processor.py:925} INFO - DAG(s) 'clickhouse_spark_dag' retrieved from /opt/airflow/dags/spark_dbt_job_dag.py
[2024-09-23T16:58:22.765+0000] {logging_mixin.py:190} INFO - [2024-09-23T16:58:22.765+0000] {dag.py:3239} INFO - Sync 1 DAGs
[2024-09-23T16:58:22.784+0000] {logging_mixin.py:190} INFO - [2024-09-23T16:58:22.784+0000] {dag.py:4180} INFO - Setting next_dagrun for clickhouse_spark_dag to 2024-09-23 00:00:00+00:00, run_after=2024-09-24 00:00:00+00:00
[2024-09-23T16:58:22.807+0000] {processor.py:208} INFO - Processing /opt/airflow/dags/spark_dbt_job_dag.py took 0.104 seconds
